<?xml version="1.0" encoding="UTF-8"?>
<testsuite name="jrails.HtmlTest" tests="5" skipped="0" failures="0" errors="0" timestamp="2023-11-22T04:53:34" hostname="DESKTOP-OUMND1G" time="0.008">
  <properties/>
  <testcase name="htmlAndViewTest" classname="jrails.HtmlTest" time="0.001"/>
  <testcase name="testForm" classname="jrails.HtmlTest" time="0.003"/>
  <testcase name="tests" classname="jrails.HtmlTest" time="0.002"/>
  <testcase name="sampleTags" classname="jrails.HtmlTest" time="0.001"/>
  <testcase name="testLinkTo" classname="jrails.HtmlTest" time="0.0"/>
  <system-out><![CDATA[]]></system-out>
  <system-err><![CDATA[]]></system-err>
</testsuite>
