<?xml version="1.0" encoding="UTF-8"?>
<testsuite name="jrails.ViewTest" tests="1" skipped="0" failures="0" errors="0" timestamp="2023-11-22T04:53:34" hostname="DESKTOP-OUMND1G" time="0.001">
  <properties/>
  <testcase name="empty" classname="jrails.ViewTest" time="0.001"/>
  <system-out><![CDATA[]]></system-out>
  <system-err><![CDATA[]]></system-err>
</testsuite>
